.:logfile rdist.log
:define $substitution=$true
sysno
TYMSHARE X32-P035/E-1 3-2-89
.daytime
13-FEB-1990 18:23:38 PST

.run (xexec)minit

.rdist *.*/master:33/host:14,32/check
Master host: 33
113 files on master system.
Slave hosts: 14,32
Checking host 14
(KL10        :  14) RDIST.LOG      3 13-Feb-90 18:00 -- bad checksum XEZLEY
                           should be 13-Feb-90 18:07 LUTPUP  ALL  RD  NO
(KL10        :  14) 066TEL.OUT                       -- missing on slave
(KL10        :  14) 066TEL.COM                       -- missing on slave
Checking host 32
(KL10        :  32) 011TEL.COM     2 28-Nov-89 19:15 -- extra not on master
(KL10        :  32) 011TEL.OUT     2 28-Nov-89 19:15 -- extra not on master
(KL10        :  32) RDIST.WED      2 15-Nov-89 18:12 -- bad checksum LERLIT
                           should be 07-Feb-90 18:06 YIQTIN  ALL  RD  NO
(KL10        :  32) RDIST.LOG      1 13-Feb-90 18:23 -- bad checksum TULNAC
                           should be 13-Feb-90 18:07 LUTPUP  ALL  RD  NO
(KL10        :  32) RDIST.THU      2 28-Sep-89 18:08 -- bad checksum RAHBIF
                           should be 01-Feb-90 18:07 FUZSEG  ALL  RD  NO
(KL10        :  32) RDIST.MON      2 27-Nov-89 19:07 -- bad checksum BILFEP
                           should be 01-Feb-90 18:07 XOSWIJ  ALL  RD  NO
(KL10        :  32) RDIST.TUE      2 21-Nov-89 18:11 -- bad checksum XUKJAL
                           should be 13-Feb-90 18:07 JOKDUC  ALL  RD  NO
(KL10        :  32) RDIST.OUT      2 27-Nov-89 19:07 -- bad checksum YUSXOG
                           should be 13-Feb-90 18:07 RIHYAB  ALL  RD  NO
(KL10        :  32) RDIST.FRI      2 24-Nov-89 18:08 -- bad checksum LEXTUP
                           should be 26-Jan-90 18:07 LAWPIG  ALL  RD  NO
(KL10        :  32) RDIST.SUN      2 01-Oct-89 18:07 -- bad checksum ZELRIV
                           should be 04-Feb-90 18:05 LECMOR  ALL  RD  NO
(KL10        :  32) RDIST.SAT      2 18-Nov-89 18:09 -- bad checksum QIXSOF
                           should be 10-Feb-90 18:05 MOVFIC  ALL  RD  NO
(KL10        :  32) 066TEL.OUT                       -- missing on slave
(KL10        :  32) 066TEL.COM                       -- missing on slave

End of SAIL execution
.copy rdist.log,rdist.out

.mung findit,rdist.out

FINDIT.TEC V5 - Clean up log from MHX+(SPL)FINDIT and sort by file name
16
R SORT
rdist.out=rdist.out/R80/K21.10/K54.6/K1.20
SORTED 16 RECORDS

EXIT

.copy rdist.log,rdist.Tuesday

.; System X17 has only RDIST.* files
.rdist rdist.*/host:14,17,32,33
Master host: 32
10 files on master system.
Slave hosts: 14,17,32,33
Checking host 14
(KL10        :  14) RDIST.LOG      3 13-Feb-90 18:00 -- bad checksum XEZLEY
                           should be 13-Feb-90 18:23 ZOHBES  ALL  RD  NO
(KL10        :  14) RDIST.WED      2 07-Feb-90 18:04 -- bad checksum YIQTIN
                           should be 15-Nov-89 18:12 LERLIT  ALL  RD  NO
(KL10        :  14) RDIST.THU      2 01-Feb-90 18:06 -- bad checksum FUZSEG
                           should be 28-Sep-89 18:08 RAHBIF  ALL  RD  NO
(KL10        :  14) RDIST.MON      2 29-Jan-90 18:05 -- bad checksum XOSWIJ
                           should be 27-Nov-89 19:07 BILFEP  ALL  RD  NO
(KL10        :  14) RDIST.OUT      2 13-Feb-90 18:06 -- bad checksum RIHYAB
                           should be 13-Feb-90 18:35 MEDXIR  ALL  RD  NO
(KL10        :  14) RDIST.TUE      2 13-Feb-90 18:06 -- bad checksum JOKDUC
                           should be 13-Feb-90 18:35 JOFCIL  ALL  RD  NO
(KL10        :  14) RDIST.FRI      2 26-Jan-90 18:05 -- bad checksum LAWPIG
                           should be 24-Nov-89 18:08 LEXTUP  ALL  RD  NO
(KL10        :  14) RDIST.SUN      2 04-Feb-90 18:04 -- bad checksum LECMOR
                           should be 01-Oct-89 18:07 ZELRIV  ALL  RD  NO
(KL10        :  14) RDIST.SAT      2 10-Feb-90 18:04 -- bad checksum MOVFIC
                           should be 18-Nov-89 18:09 QIXSOF  ALL  RD  NO
Checking host 17

?unable to build circuit to KL10:17
?host unavailable

?unable to build circuit to KL10:17
?host unavailable

?unable to build circuit to KL10:17
?host unavailable

?unable to build circuit to KL10:17
?host unavailable

?unable to build circuit to KL10:17
?host unavailable
Creaux failed to KL10:17
Checking host 32
(KL10        :  32) RDIST.LOG      1 13-Feb-90 18:23 -- bad checksum VEQFUP
                           should be 13-Feb-90 18:23 ZOHBES  ALL  RD  NO
Checking host 33
(KL10        :  33) RDIST.WED      2 07-Feb-90 18:06 -- bad checksum YIQTIN
                           should be 15-Nov-89 18:12 LERLIT  ALL  RD  NO
(KL10        :  33) RDIST.LOG      3 13-Feb-90 18:07 -- bad checksum LUTPUP
                           should be 13-Feb-90 18:23 ZOHBES  ALL  RD  NO
(KL10        :  33) RDIST.THU      2 01-Feb-90 18:07 -- bad checksum FUZSEG
                           should be 28-Sep-89 18:08 RAHBIF  ALL  RD  NO
(KL10        :  33) RDIST.MON      2 01-Feb-90 18:07 -- bad checksum XOSWIJ
                           should be 27-Nov-89 19:07 BILFEP  ALL  RD  NO
(KL10        :  33) RDIST.TUE      2 13-Feb-90 18:07 -- bad checksum JOKDUC
                           should be 13-Feb-90 18:35 JOFCIL  ALL  RD  NO
(KL10        :  33) RDIST.OUT      2 13-Feb-90 18:07 -- bad checksum RIHYAB
                           should be 13-Feb-90 18:35 MEDXIR  ALL  RD  NO
(KL10        :  33) RDIST.FRI      2 26-Jan-90 18:07 -- bad checksum LAWPIG
                           should be 24-Nov-89 18:08 LEXTUP  ALL  RD  NO
(KL10        :  33) RDIST.SUN      2 04-Feb-90 18:05 -- bad checksum LECMOR
                           should be 01-Oct-89 18:07 ZELRIV  ALL  RD  NO
(KL10        :  33) RDIST.SAT      2 10-Feb-90 18:05 -- bad checksum MOVFIC
                           should be 18-Nov-89 18:09 QIXSOF  ALL  RD  NO
Starting TELECOPY

: 
: 
: 
REPLACING FILE (KL10:14)RDIST.LOG

COPY STARTING

(KL10:32)RDIST.LOG COPIED TO (KL10:14)RDIST.LOG

6912 (4078) CHARS. TRANSMITTED

: 
REPLACING FILE (KL10:14)RDIST.WED

COPY STARTING

(KL10:32)RDIST.WED COPIED TO (KL10:14)RDIST.WED

2304 (948) CHARS. TRANSMITTED

: 
REPLACING FILE (KL10:14)RDIST.THU

COPY STARTING

(KL10:32)RDIST.THU COPIED TO (KL10:14)RDIST.THU

2304 (1139) CHARS. TRANSMITTED

: 
REPLACING FILE (KL10:14)RDIST.MON

COPY STARTING

(KL10:32)RDIST.MON COPIED TO (KL10:14)RDIST.MON

2304 (938) CHARS. TRANSMITTED

: 
REPLACING FILE (KL10:14)RDIST.OUT

COPY STARTING

(KL10:32)RDIST.OUT COPIED TO (KL10:14)RDIST.OUT

1112 (868) CHARS. TRANSMITTED

: 
REPLACING FILE (KL10:14)RDIST.TUE

COPY STARTING

(KL10:32)RDIST.TUE COPIED TO (KL10:14)RDIST.TUE

2304 (1762) CHARS. TRANSMITTED

: 
REPLACING FILE (KL10:14)RDIST.FRI

COPY STARTING

(KL10:32)RDIST.FRI COPIED TO (KL10:14)RDIST.FRI

2304 (943) CHARS. TRANSMITTED

: 
REPLACING FILE (KL10:14)RDIST.SUN

COPY STARTING

(KL10:32)RDIST.SUN COPIED TO (KL10:14)RDIST.SUN

2304 (943) CHARS. TRANSMITTED

: 
REPLACING FILE (KL10:14)RDIST.SAT

COPY STARTING

(KL10:32)RDIST.SAT COPIED TO (KL10:14)RDIST.SAT

2304 (943) CHARS. TRANSMITTED

: 
"COPY TO" AND "COPY FROM" SYSTEM MUST NOT BE THE SAME.

: 
REPLACING FILE (KL10:33)RDIST.WED

COPY STARTING

(KL10:32)RDIST.WED COPIED TO (KL10:33)RDIST.WED

2304 (948) CHARS. TRANSMITTED

: 
REPLACING FILE (KL10:33)RDIST.LOG

COPY STARTING

(KL10:32)RDIST.LOG COPIED TO (KL10:33)RDIST.LOG

6912 (5710) CHARS. TRANSMITTED

: 
REPLACING FILE (KL10:33)RDIST.THU

COPY STARTING

(KL10:32)RDIST.THU COPIED TO (KL10:33)RDIST.THU

2304 (1139) CHARS. TRANSMITTED

: 
REPLACING FILE (KL10:33)RDIST.MON

COPY STARTING

(KL10:32)RDIST.MON COPIED TO (KL10:33)RDIST.MON

2304 (938) CHARS. TRANSMITTED

: 
REPLACING FILE (KL10:33)RDIST.TUE

COPY STARTING

(KL10:32)RDIST.TUE COPIED TO (KL10:33)RDIST.TUE

2304 (1762) CHARS. TRANSMITTED

: 
REPLACING FILE (KL10:33)RDIST.OUT

COPY STARTING

(KL10:32)RDIST.OUT COPIED TO (KL10:33)RDIST.OUT

1112 (868) CHARS. TRANSMITTED

: 
REPLACING FILE (KL10:33)RDIST.FRI

COPY STARTING

(KL10:32)RDIST.FRI COPIED TO (KL10:33)RDIST.FRI

2304 (943) CHARS. TRANSMITTED

: 
REPLACING FILE (KL10:33)RDIST.SUN

COPY STARTING

(KL10:32)RDIST.SUN COPIED TO (KL10:33)RDIST.SUN

2304 (943) CHARS. TRANSMITTED

: 
REPLACING FILE (KL10:33)RDIST.SAT

COPY STARTING

(KL10:32)RDIST.SAT COPIED TO (KL10:33)RDIST.SAT

2304 (943) CHARS. TRANSMITTED

: 
.LOGOUT
348.90 tru
terminal time: 0:19:37

; Req #7981 completed
 