
: 
: 
: 
: 
REPLACING FILE (F10:14)F10.DIR

COPY STARTING

(F10:32)F10.DIR COPIED TO (F10:14)F10.DIR

1508 (1178) CHARS. TRANSMITTED

: 
SYSTEM UNAVAILABLE
: 
CIRCUIT ZAPPED - ABORTING,  SYSTEM 23

: 
CIRCUIT ZAPPED - ABORTING,  SYSTEM 26

: 
CIRCUIT ZAPPED - ABORTING,  SYSTEM 30

: 
CIRCUIT ZAPPED - ABORTING,  SYSTEM 33

: 
CIRCUIT ZAPPED - ABORTING,  SYSTEM 38

: 
SYSTEM UNAVAILABLE
: 
REPLACING FILE (F10:74)F10.DIR

COPY STARTING

(F10:32)F10.DIR COPIED TO (F10:74)F10.DIR

1508 (1178) CHARS. TRANSMITTED

: 
SYSTEM UNAVAILABLE
: 
CIRCUIT ZAPPED - ABORTING,  SYSTEM 31

: 
CIRCUIT ZAPPED - ABORTING,  SYSTEM 34

: 
CIRCUIT ZAPPED - ABORTING,  SYSTEM 37

: 
SYSTEM UNAVAILABLE
: 
CIRCUIT ZAPPED - ABORTING,  SYSTEM 56

: 