
: 
: 
: 
: 
COPY STARTING

(MFICHE:32)MFICHE.DIR COPIED TO (MFICHE:14)MFICHE.DIR

9923 (7823) CHARS. TRANSMITTED

: 
COPY STARTING

(MFICHE:32)MFICHE.DIR COPIED TO (MFICHE:17)MFICHE.DIR

9923 (7823) CHARS. TRANSMITTED

: 
CIRCUIT ZAPPED - ABORTING,  SYSTEM 23

: 
CIRCUIT ZAPPED - ABORTING,  SYSTEM 26

: 
CIRCUIT ZAPPED - ABORTING,  SYSTEM 30

: 
COPY STARTING

(MFICHE:32)MFICHE.DIR COPIED TO (MFICHE:33)MFICHE.DIR

9923 (7823) CHARS. TRANSMITTED

: 
SYSTEM UNAVAILABLE
: 
CIRCUIT ZAPPED - ABORTING,  SYSTEM 58

: 
COPY STARTING

(MFICHE:32)MFICHE.DIR COPIED TO (MFICHE:74)MFICHE.DIR

9923 (7823) CHARS. TRANSMITTED

: 
CIRCUIT ZAPPED - ABORTING,  SYSTEM 25

: 
CIRCUIT ZAPPED - ABORTING,  SYSTEM 31

: 
COPY STARTING

(MFICHE:32)MFICHE.DIR COPIED TO (MFICHE:34)MFICHE.DIR

9923 (7823) CHARS. TRANSMITTED

: 
CIRCUIT ZAPPED - ABORTING,  SYSTEM 37

: 
CIRCUIT ZAPPED - ABORTING,  SYSTEM 54

: 
CIRCUIT ZAPPED - ABORTING,  SYSTEM 56

: 