
: 
: 
: 
: 
COPY STARTING

(MSGSLV:32)MSGSLV.DIR COPIED TO (MSGSLV:14)MSGSLV.DIR

293 (331) CHARS. TRANSMITTED

: 
COPY STARTING

(MSGSLV:32)MSGSLV.DIR COPIED TO (MSGSLV:17)MSGSLV.DIR

293 (331) CHARS. TRANSMITTED

: 
CIRCUIT ZAPPED - ABORTING,  SYSTEM 23

: 
CIRCUIT ZAPPED - ABORTING,  SYSTEM 26

: 
CIRCUIT ZAPPED - ABORTING,  SYSTEM 30

: 
CIRCUIT ZAPPED - ABORTING,  SYSTEM 33

: 
SYSTEM UNAVAILABLE
: 
CIRCUIT ZAPPED - ABORTING,  SYSTEM 58

: 
CIRCUIT ZAPPED - ABORTING,  SYSTEM 74

: 
CIRCUIT ZAPPED - ABORTING,  SYSTEM 25

: 
CIRCUIT ZAPPED - ABORTING,  SYSTEM 31

: 
CIRCUIT ZAPPED - ABORTING,  SYSTEM 34

: 
CIRCUIT ZAPPED - ABORTING,  SYSTEM 37

: 
CIRCUIT ZAPPED - ABORTING,  SYSTEM 54

: 
CIRCUIT ZAPPED - ABORTING,  SYSTEM 56

: 