
: 
: 
: 
: 
COPY STARTING

(JMS:32)JMS.DIR COPIED TO (JMS:14)JMS.DIR

240183 (171886) CHARS. TRANSMITTED

: 
COPY STARTING

(JMS:32)JMS.DIR COPIED TO (JMS:17)JMS.DIR

240183 (171886) CHARS. TRANSMITTED

: 
COPY STARTING

(JMS:32)JMS.DIR COPIED TO (JMS:23)JMS.DIR

240183 (171886) CHARS. TRANSMITTED

: 
COPY STARTING

(JMS:32)JMS.DIR COPIED TO (JMS:26)JMS.DIR

240183 (171886) CHARS. TRANSMITTED

: 
COPY STARTING

(JMS:32)JMS.DIR COPIED TO (JMS:30)JMS.DIR

240183 (171886) CHARS. TRANSMITTED

: 
COPY STARTING

(JMS:32)JMS.DIR COPIED TO (JMS:33)JMS.DIR

240183 (171886) CHARS. TRANSMITTED

: 
COPY STARTING

(JMS:32)JMS.DIR COPIED TO (JMS:38)JMS.DIR

240183 (171886) CHARS. TRANSMITTED

: 
COPY STARTING

(JMS:32)JMS.DIR COPIED TO (JMS:58)JMS.DIR

240183 (171886) CHARS. TRANSMITTED

: 
REPLACING FILE (JMS:74)JMS.DIR

COPY STARTING

(JMS:32)JMS.DIR COPIED TO (JMS:74)JMS.DIR

240183 (171886) CHARS. TRANSMITTED

: 
COPY STARTING

(JMS:32)JMS.DIR COPIED TO (JMS:25)JMS.DIR

240183 (171886) CHARS. TRANSMITTED

: 
COPY STARTING

(JMS:32)JMS.DIR COPIED TO (JMS:31)JMS.DIR

240183 (171886) CHARS. TRANSMITTED

: 
COPY STARTING

(JMS:32)JMS.DIR COPIED TO (JMS:34)JMS.DIR

240183 (171886) CHARS. TRANSMITTED

: 
COPY STARTING

(JMS:32)JMS.DIR COPIED TO (JMS:37)JMS.DIR

240183 (171886) CHARS. TRANSMITTED

: 
COPY STARTING

(JMS:32)JMS.DIR COPIED TO (JMS:54)JMS.DIR

240183 (171886) CHARS. TRANSMITTED

: 
COPY STARTING

(JMS:32)JMS.DIR COPIED TO (JMS:56)JMS.DIR

240183 (171886) CHARS. TRANSMITTED

: 