
: 
: 
: 
: 
COPY STARTING

(MICROCYCLES:32)MICROC.DIR COPIED TO (MICROCYCLES:14)MICROC.DIR

293 (331) CHARS. TRANSMITTED

: 
COPY STARTING

(MICROCYCLES:32)MICROC.DIR COPIED TO (MICROCYCLES:17)MICROC.DIR

293 (331) CHARS. TRANSMITTED

: 
CIRCUIT ZAPPED - ABORTING,  SYSTEM 23

: 
CIRCUIT ZAPPED - ABORTING,  SYSTEM 26

: 
CIRCUIT ZAPPED - ABORTING,  SYSTEM 30

: 
COPY STARTING

(MICROCYCLES:32)MICROC.DIR COPIED TO (MICROCYCLES:33)MICROC.DIR

293 (331) CHARS. TRANSMITTED

: 
SYSTEM UNAVAILABLE
: 
CIRCUIT ZAPPED - ABORTING,  SYSTEM 58

: 
COPY STARTING

(MICROCYCLES:32)MICROC.DIR COPIED TO (MICROCYCLES:74)MICROC.DIR

293 (331) CHARS. TRANSMITTED

: 
CIRCUIT ZAPPED - ABORTING,  SYSTEM 25

: 
CIRCUIT ZAPPED - ABORTING,  SYSTEM 31

: 
CIRCUIT ZAPPED - ABORTING,  SYSTEM 34

: 
CIRCUIT ZAPPED - ABORTING,  SYSTEM 37

: 
CIRCUIT ZAPPED - ABORTING,  SYSTEM 54

: 
CIRCUIT ZAPPED - ABORTING,  SYSTEM 56

: 