.:logfile rdist.log
:define $substitution=$true
sysno
TYMSHARE X32-P035/E-1 3-2-89
.daytime
13-FEB-1990 18:25:39 PST

.run (xexec)minit

.rdist *.*/master:33/host:14,32/check
Master host: 33
148 files on master system.
Slave hosts: 14,32
Checking host 14
(F3CODE      :  14) RDIST.LOG      3 13-Feb-90 15:45 -- bad checksum DIVQUR
                           should be 13-Feb-90 15:52 BAKSEJ  ALL  RD  NO
(F3CODE      :  14) FDSYS.SAV     55 30-Oct-80 15:10 -- bad checksum BEXTAJ
                           should be 30-Oct-80 15:10 KOHNEX  ALL  RD  NO
Checking host 32
(F3CODE      :  32) 010TEL.COM     2 28-Nov-89 15:46 -- extra not on master
(F3CODE      :  32) 010TEL.OUT     2 28-Nov-89 15:46 -- extra not on master
(F3CODE      :  32) RDIST.WED     11 15-Nov-89 15:59 -- bad checksum YUJLIQ
                           should be 07-Feb-90 15:55 DENHUW  ALL  RD  NO
(F3CODE      :  32) RDIST.LOG      1 13-Feb-90 18:25 -- bad checksum XOLDEB
                           should be 13-Feb-90 15:52 BAKSEJ  ALL  RD  NO
(F3CODE      :  32) RDIST.TUE      2 21-Nov-89 16:00 -- bad checksum LEKBOX
                           should be 13-Feb-90 15:52 QIFYUK  ALL  RD  NO
(F3CODE      :  32) RDIST.OUT      2 30-Nov-89 15:49 -- bad checksum MEBBOS
                           should be 13-Feb-90 15:52 SAKFOX  ALL  RD  NO
(F3CODE      :  32) RDIST.THU      2 30-Nov-89 15:50 -- bad checksum PONWOH
                           should be 01-Feb-90 15:53 YIFJUW  ALL  RD  NO
(F3CODE      :  32) RDIST.MON      2 27-Nov-89 19:06 -- bad checksum CUHHIX
                           should be 01-Feb-90 15:53 DETDEP  ALL  RD  NO
(F3CODE      :  32) RDIST.SUN      2 01-Oct-89 15:57 -- bad checksum BAQROB
                           should be 04-Feb-90 15:51 TOMLAW  ALL  RD  NO
(F3CODE      :  32) RDIST.SAT      2 18-Nov-89 16:01 -- bad checksum HEWRIN
                           should be 10-Feb-90 15:51 VIZFUG  ALL  RD  NO
(F3CODE      :  32) RDIST.FRI      2 24-Nov-89 15:58 -- bad checksum VUSHEG
                           should be 26-Jan-90 15:54 HEZBAT  ALL  RD  NO
(F3CODE      :  32) FDSYS.SAV     55 30-Oct-80 15:10 -- bad checksum BEXTAJ
                           should be 30-Oct-80 15:10 KOHNEX  ALL  RD  NO

End of SAIL execution
.copy rdist.log,rdist.out

.mung findit,rdist.out

FINDIT.TEC V5 - Clean up log from MHX+(SPL)FINDIT and sort by file name
14
R SORT
rdist.out=rdist.out/R80/K21.10/K54.6/K1.20
SORTED 14 RECORDS

EXIT

.copy rdist.log,rdist.Tuesday

.; System X17 has only RDIST.* files
.rdist rdist.*/host:14,17,32,33
Master host: 32
10 files on master system.
Slave hosts: 14,17,32,33
Checking host 14
(F3CODE      :  14) RDIST.WED      2 07-Feb-90 15:53 -- bad checksum DENHUW
                           should be 15-Nov-89 15:59 YUJLIQ  ALL  RD  NO
(F3CODE      :  14) RDIST.LOG      3 13-Feb-90 15:45 -- bad checksum DIVQUR
                           should be 13-Feb-90 18:25 TUNQAN  ALL  RD  NO
(F3CODE      :  14) RDIST.TUE      2 13-Feb-90 15:51 -- bad checksum QIFYUK
                           should be 13-Feb-90 18:39 MOBKOV  ALL  RD  NO
(F3CODE      :  14) RDIST.OUT      2 13-Feb-90 15:50 -- bad checksum SAKFOX
                           should be 13-Feb-90 18:39 COBPAW  ALL  RD  NO
(F3CODE      :  14) RDIST.MON      2 29-Jan-90 15:50 -- bad checksum DETDEP
                           should be 27-Nov-89 19:06 CUHHIX  ALL  RD  NO
(F3CODE      :  14) RDIST.THU      2 01-Feb-90 15:51 -- bad checksum YIFJUW
                           should be 30-Nov-89 15:50 PONWOH  ALL  RD  NO
(F3CODE      :  14) RDIST.SUN      2 04-Feb-90 15:50 -- bad checksum TOMLAW
                           should be 01-Oct-89 15:57 BAQROB  ALL  RD  NO
(F3CODE      :  14) RDIST.SAT      2 10-Feb-90 15:50 -- bad checksum VIZFUG
                           should be 18-Nov-89 16:01 HEWRIN  ALL  RD  NO
(F3CODE      :  14) RDIST.FRI      2 26-Jan-90 15:52 -- bad checksum HEZBAT
                           should be 24-Nov-89 15:58 VUSHEG  ALL  RD  NO
Checking host 17

?unable to build circuit to F3CODE:17
?host unavailable

?unable to build circuit to F3CODE:17
?host unavailable

?unable to build circuit to F3CODE:17
?host unavailable

?unable to build circuit to F3CODE:17
?host unavailable

?unable to build circuit to F3CODE:17
?host unavailable
Creaux failed to F3CODE:17
Checking host 32
(F3CODE      :  32) RDIST.LOG      1 13-Feb-90 18:25 -- bad checksum XUKKAP
                           should be 13-Feb-90 18:25 TUNQAN  ALL  RD  NO
Checking host 33
(F3CODE      :  33) RDIST.TUE      2 13-Feb-90 15:52 -- bad checksum QIFYUK
                           should be 13-Feb-90 18:39 MOBKOV  ALL  RD  NO
(F3CODE      :  33) RDIST.MON      2 01-Feb-90 15:53 -- bad checksum DETDEP
                           should be 27-Nov-89 19:06 CUHHIX  ALL  RD  NO
(F3CODE      :  33) RDIST.THU      2 01-Feb-90 15:53 -- bad checksum YIFJUW
                           should be 30-Nov-89 15:50 PONWOH  ALL  RD  NO
(F3CODE      :  33) RDIST.SUN      2 04-Feb-90 15:51 -- bad checksum TOMLAW
                           should be 01-Oct-89 15:57 BAQROB  ALL  RD  NO
(F3CODE      :  33) RDIST.SAT      2 10-Feb-90 15:51 -- bad checksum VIZFUG
                           should be 18-Nov-89 16:01 HEWRIN  ALL  RD  NO
(F3CODE      :  33) RDIST.OUT      2 13-Feb-90 15:52 -- bad checksum SAKFOX
                           should be 13-Feb-90 18:39 COBPAW  ALL  RD  NO
(F3CODE      :  33) RDIST.LOG      3 13-Feb-90 15:52 -- bad checksum BAKSEJ
                           should be 13-Feb-90 18:25 TUNQAN  ALL  RD  NO
(F3CODE      :  33) RDIST.WED      2 07-Feb-90 15:55 -- bad checksum DENHUW
                           should be 15-Nov-89 15:59 YUJLIQ  ALL  RD  NO
(F3CODE      :  33) RDIST.FRI      2 26-Jan-90 15:54 -- bad checksum HEZBAT
                           should be 24-Nov-89 15:58 VUSHEG  ALL  RD  NO
Starting TELECOPY

: 
: 
: 
REPLACING FILE (F3CODE:14)RDIST.WED

COPY STARTING

(F3CODE:32)RDIST.WED COPIED TO (F3CODE:14)RDIST.WED

23040 (20300) CHARS. TRANSMITTED

: 
REPLACING FILE (F3CODE:14)RDIST.LOG

COPY STARTING

(F3CODE:32)RDIST.LOG COPIED TO (F3CODE:14)RDIST.LOG

6912 (4407) CHARS. TRANSMITTED

: 
REPLACING FILE (F3CODE:14)RDIST.TUE

COPY STARTING

(F3CODE:32)RDIST.TUE COPIED TO (F3CODE:14)RDIST.TUE

2304 (1834) CHARS. TRANSMITTED

: 
REPLACING FILE (F3CODE:14)RDIST.OUT

COPY STARTING

(F3CODE:32)RDIST.OUT COPIED TO (F3CODE:14)RDIST.OUT

972 (837) CHARS. TRANSMITTED

: 
REPLACING FILE (F3CODE:14)RDIST.MON

COPY STARTING

(F3CODE:32)RDIST.MON COPIED TO (F3CODE:14)RDIST.MON

2304 (997) CHARS. TRANSMITTED

: 
REPLACING FILE (F3CODE:14)RDIST.THU

COPY STARTING

(F3CODE:32)RDIST.THU COPIED TO (F3CODE:14)RDIST.THU

2304 (1128) CHARS. TRANSMITTED

: 
REPLACING FILE (F3CODE:14)RDIST.SUN

COPY STARTING

(F3CODE:32)RDIST.SUN COPIED TO (F3CODE:14)RDIST.SUN

2304 (714) CHARS. TRANSMITTED

: 
REPLACING FILE (F3CODE:14)RDIST.SAT

COPY STARTING

(F3CODE:32)RDIST.SAT COPIED TO (F3CODE:14)RDIST.SAT

2304 (1490) CHARS. TRANSMITTED

: 
REPLACING FILE (F3CODE:14)RDIST.FRI

COPY STARTING

(F3CODE:32)RDIST.FRI COPIED TO (F3CODE:14)RDIST.FRI

2304 (1022) CHARS. TRANSMITTED

: 
"COPY TO" AND "COPY FROM" SYSTEM MUST NOT BE THE SAME.

: 
REPLACING FILE (F3CODE:33)RDIST.TUE

COPY STARTING

(F3CODE:32)RDIST.TUE COPIED TO (F3CODE:33)RDIST.TUE

2304 (1834) CHARS. TRANSMITTED

: 
REPLACING FILE (F3CODE:33)RDIST.MON

COPY STARTING

(F3CODE:32)RDIST.MON COPIED TO (F3CODE:33)RDIST.MON

2304 (997) CHARS. TRANSMITTED

: 
REPLACING FILE (F3CODE:33)RDIST.THU

COPY STARTING

(F3CODE:32)RDIST.THU COPIED TO (F3CODE:33)RDIST.THU

2304 (1128) CHARS. TRANSMITTED

: 
REPLACING FILE (F3CODE:33)RDIST.SUN

COPY STARTING

(F3CODE:32)RDIST.SUN COPIED TO (F3CODE:33)RDIST.SUN

2304 (714) CHARS. TRANSMITTED

: 
REPLACING FILE (F3CODE:33)RDIST.SAT

COPY STARTING

(F3CODE:32)RDIST.SAT COPIED TO (F3CODE:33)RDIST.SAT

2304 (1490) CHARS. TRANSMITTED

: 
REPLACING FILE (F3CODE:33)RDIST.OUT

COPY STARTING

(F3CODE:32)RDIST.OUT COPIED TO (F3CODE:33)RDIST.OUT

972 (837) CHARS. TRANSMITTED

: 
REPLACING FILE (F3CODE:33)RDIST.LOG

COPY STARTING

(F3CODE:32)RDIST.LOG COPIED TO (F3CODE:33)RDIST.LOG

9216 (10060) CHARS. TRANSMITTED

: 
REPLACING FILE (F3CODE:33)RDIST.WED

COPY STARTING

(F3CODE:32)RDIST.WED COPIED TO (F3CODE:33)RDIST.WED

23040 (20300) CHARS. TRANSMITTED

: 
REPLACING FILE (F3CODE:33)RDIST.FRI

COPY STARTING

(F3CODE:32)RDIST.FRI COPIED TO (F3CODE:33)RDIST.FRI

2304 (1022) CHARS. TRANSMITTED

: 
.LOGOUT
467.86 tru
terminal time: 0:22:07

; Req #7999 completed
 