
: 
: 
: 
: 
REPLACING FILE (FOROTS:14)FOROTS.DIR

COPY STARTING

(FOROTS:32)FOROTS.DIR COPIED TO (FOROTS:14)FOROTS.DIR

23270 (17706) CHARS. TRANSMITTED

: 
SYSTEM UNAVAILABLE
: 
CIRCUIT ZAPPED - ABORTING,  SYSTEM 23

: 
CIRCUIT ZAPPED - ABORTING,  SYSTEM 26

: 
CIRCUIT ZAPPED - ABORTING,  SYSTEM 30

: 
CIRCUIT ZAPPED - ABORTING,  SYSTEM 33

: 
CIRCUIT ZAPPED - ABORTING,  SYSTEM 38

: 
SYSTEM UNAVAILABLE
: 
REPLACING FILE (FOROTS:74)FOROTS.DIR

COPY STARTING

(FOROTS:32)FOROTS.DIR COPIED TO (FOROTS:74)FOROTS.DIR

23270 (17706) CHARS. TRANSMITTED

: 
SYSTEM UNAVAILABLE
: 
CIRCUIT ZAPPED - ABORTING,  SYSTEM 31

: 
CIRCUIT ZAPPED - ABORTING,  SYSTEM 34

: 
CIRCUIT ZAPPED - ABORTING,  SYSTEM 37

: 
SYSTEM UNAVAILABLE
: 
CIRCUIT ZAPPED - ABORTING,  SYSTEM 56

: 