
: 
: 
: 
: 
REPLACING FILE (F40:14)FILLUP.DIR

COPY STARTING

(F40:32)FILLUP.DIR COPIED TO (F40:14)FILLUP.DIR

1161 (898) CHARS. TRANSMITTED

: 
SYSTEM UNAVAILABLE
: 
CIRCUIT ZAPPED - ABORTING,  SYSTEM 23

: 
REPLACING FILE (F40:26)FILLUP.DIR

COPY STARTING

(F40:32)FILLUP.DIR COPIED TO (F40:26)FILLUP.DIR

1161 (898) CHARS. TRANSMITTED

: 
CIRCUIT ZAPPED - ABORTING,  SYSTEM 30

: 
REPLACING FILE (F40:33)FILLUP.DIR

COPY STARTING

(F40:32)FILLUP.DIR COPIED TO (F40:33)FILLUP.DIR

1161 (898) CHARS. TRANSMITTED

: 
CIRCUIT ZAPPED - ABORTING,  SYSTEM 38

: 
SYSTEM UNAVAILABLE
: 
REPLACING FILE (F40:74)FILLUP.DIR

COPY STARTING

(F40:32)FILLUP.DIR COPIED TO (F40:74)FILLUP.DIR

1161 (898) CHARS. TRANSMITTED

: 
SYSTEM UNAVAILABLE
: 
CIRCUIT ZAPPED - ABORTING,  SYSTEM 31

: 
CIRCUIT ZAPPED - ABORTING,  SYSTEM 34

: 
CIRCUIT ZAPPED - ABORTING,  SYSTEM 37

: 
SYSTEM UNAVAILABLE
: 
CIRCUIT ZAPPED - ABORTING,  SYSTEM 56

: 