.r carmel

OLD LIBRARY *ALLIO.REL/L

OUTPUT TO  ALLIO.LST

EXIT

.r carmel

OLD LIBRARY *ALPHI.REL/L

OUTPUT TO  ALPHI.LST

EXIT

.r carmel

OLD LIBRARY *ALPHO.REL/L

OUTPUT TO  ALPHO.LST

EXIT

.r carmel

OLD LIBRARY *CHAIN.REL/L

OUTPUT TO  CHAIN.LST

EXIT

.r carmel

OLD LIBRARY *COMPLX.REL/L

OUTPUT TO  COMPLX.LST

EXIT

.r carmel

OLD LIBRARY *DARITH.REL/L

OUTPUT TO  DARITH.LST

EXIT

.r carmel

OLD LIBRARY *DEF40.REL/L

OUTPUT TO  DEF40.LST

EXIT

.r carmel

OLD LIBRARY *DEROR.REL/L

OUTPUT TO  DEROR.LST

EXIT

.r carmel

OLD LIBRARY *DEVTB.REL/L

OUTPUT TO  DEVTB.LST

EXIT

.r carmel

OLD LIBRARY *DOUBLE.REL/L

OUTPUT TO  DOUBLE.LST

EXIT

.r carmel

OLD LIBRARY *DUMMIO.REL/L

OUTPUT TO  DUMMIO.LST

EXIT

.r carmel

OLD LIBRARY *DUMMY.REL/L

OUTPUT TO  DUMMY.LST

EXIT

.r carmel

OLD LIBRARY *DYNARY.REL/L

OUTPUT TO  DYNARY.LST

EXIT

.r carmel

OLD LIBRARY *ERROR.REL/L

OUTPUT TO  ERROR.LST

EXIT

.r carmel

OLD LIBRARY *EXER1.REL/L

OUTPUT TO  EXER1.LST

EXIT

.r carmel

OLD LIBRARY *EXIT.REL/L

OUTPUT TO  EXIT.LST

EXIT

.r carmel

OLD LIBRARY *F40CHN.REL/L

OUTPUT TO  F40CHN.LST

EXIT

.r carmel

OLD LIBRARY *FDEBUG.REL/L

OUTPUT TO  FDEBUG.LST

EXIT

.r carmel

OLD LIBRARY *FILE.REL/L

OUTPUT TO  FILE.LST

EXIT

.r carmel

OLD LIBRARY *FLIRT.REL/L

OUTPUT TO  FLIRT.LST

EXIT

.r carmel

OLD LIBRARY *FLOUT.REL/L

OUTPUT TO  FLOUT.LST

EXIT

.r carmel

OLD LIBRARY *FORSE.REL/L

OUTPUT TO  FORSE.LST

EXIT

.r carmel

OLD LIBRARY *IALSUB.REL/L

OUTPUT TO  IALSUB.LST

EXIT

.r carmel

OLD LIBRARY *INTI.REL/L

OUTPUT TO  INTI.LST

EXIT

.r carmel

OLD LIBRARY *INTO.REL/L

OUTPUT TO  INTO.LST

EXIT

.r carmel

OLD LIBRARY *IOADR.REL/L

OUTPUT TO  IOADR.LST

EXIT

.r carmel

OLD LIBRARY *LINT.REL/L

OUTPUT TO  LINT.LST

EXIT

.r carmel

OLD LIBRARY *LOUT.REL/L

OUTPUT TO  LOUT.LST

EXIT

.r carmel

OLD LIBRARY *MBSR.REL/L

OUTPUT TO  MBSR.LST

EXIT

.r carmel

OLD LIBRARY *MCHAIN.REL/L

OUTPUT TO  MCHAIN.LST

EXIT

.r carmel

OLD LIBRARY *MINMAX.REL/L

OUTPUT TO  MINMAX.LST

EXIT

.r carmel

OLD LIBRARY *MISC.REL/L

OUTPUT TO  MISC.LST

EXIT

.r carmel

OLD LIBRARY *MONI.REL/L

OUTPUT TO  MONI.LST

EXIT

.r carmel

OLD LIBRARY *MONO.REL/L

OUTPUT TO  MONO.LST

EXIT

.r carmel

OLD LIBRARY *MSPR.REL/L

OUTPUT TO  MSPR.LST

EXIT

.r carmel

OLD LIBRARY *NMLST.REL/L

OUTPUT TO  NMLST.LST

EXIT

.r carmel

OLD LIBRARY *OCTI.REL/L

OUTPUT TO  OCTI.LST

EXIT

.r carmel

OLD LIBRARY *OCTO.REL/L

OUTPUT TO  OCTO.LST

EXIT

.r carmel

OLD LIBRARY *PAUSE.REL/L

OUTPUT TO  PAUSE.LST

EXIT

.r carmel

OLD LIBRARY *PDUMP.REL/L

OUTPUT TO  PDUMP.LST

EXIT

.r carmel

OLD LIBRARY *POWTAB.REL/L

OUTPUT TO  POWTAB.LST

EXIT

.r carmel

OLD LIBRARY *RTFORT.REL/L

OUTPUT TO  RTFORT.LST

EXIT

.r carmel

OLD LIBRARY *SIMTTY.REL/L

OUTPUT TO  SIMTTY.LST

EXIT

.r carmel

OLD LIBRARY *SINGLE.REL/L

OUTPUT TO  SINGLE.LST

EXIT

.r carmel

OLD LIBRARY *TFMT.REL/L

OUTPUT TO  TFMT.LST

EXIT

.r carmel

OLD LIBRARY *TPFCN.REL/L

OUTPUT TO  TPFCN.LST

EXIT

.r carmel

OLD LIBRARY *TRAPS.REL/L

OUTPUT TO  TRAPS.LST

EXIT

.r carmel

OLD LIBRARY *XYPLOT.REL/L

OUTPUT TO  XYPLOT.LST

EXIT

.r carmel

OLD LIBRARY *XYSUBS.REL/L

OUTPUT TO  XYSUBS.LST

EXIT

.LOGOUT
30.09 tru
terminal time: 0:00:37
