
: 
: 
: 
: 
COPY STARTING

(JAIL:32)JAIL.DIR COPIED TO (JAIL:14)JAIL.DIR

19616 (13923) CHARS. TRANSMITTED

: 
COPY STARTING

(JAIL:32)JAIL.DIR COPIED TO (JAIL:17)JAIL.DIR

19616 (13923) CHARS. TRANSMITTED

: 
CIRCUIT ZAPPED - ABORTING,  SYSTEM 23

: 
CIRCUIT ZAPPED - ABORTING,  SYSTEM 26

: 
CIRCUIT ZAPPED - ABORTING,  SYSTEM 30

: 
COPY STARTING

(JAIL:32)JAIL.DIR COPIED TO (JAIL:33)JAIL.DIR

19616 (13923) CHARS. TRANSMITTED

: 
CIRCUIT ZAPPED - ABORTING,  SYSTEM 38

: 
CIRCUIT ZAPPED - ABORTING,  SYSTEM 58

: 
COPY STARTING

(JAIL:32)JAIL.DIR COPIED TO (JAIL:74)JAIL.DIR

19616 (13923) CHARS. TRANSMITTED

: 
CIRCUIT ZAPPED - ABORTING,  SYSTEM 25

: 
CIRCUIT ZAPPED - ABORTING,  SYSTEM 31

: 
CIRCUIT ZAPPED - ABORTING,  SYSTEM 34

: 
CIRCUIT ZAPPED - ABORTING,  SYSTEM 37

: 
CIRCUIT ZAPPED - ABORTING,  SYSTEM 54

: 
CIRCUIT ZAPPED - ABORTING,  SYSTEM 56

: 