SA10.BAK    (DIAG10C:34)        3  15-Sep-74  12:03  ALL  RD  NO 
SA10.BAK    (DONAHUE:34)        2  15-Sep-74  12:15  ALL  RD  NO 
SA10.BAK    (M33:29)            3  17-Jan-86  19:11  ALL  RD  NO 
SA10.CHP    (DIAG10C:34)        2  02-Dec-85  11:15  ALL  RD  NO 
SA10.CHP    (DONAHUE:34)        2  02-Dec-85  12:51  ALL  RD  NO 
SA10.CHP    (M33:29)            2  17-Jan-86  19:11  ALL  RD  NO 
SA10.CMD    (1213MGR:33)        2  02-Jul-85  06:23  ALL  RD  RD 
SA10.CMD    (1213MGR:55)        2  07-Feb-85  13:51  ALL  RD  NO 
SA10.CMD    (DIAG10C:34)        2  17-Jan-86  22:57  ALL  RD  NO 
SA10.CMD    (DIAG10C:55)        2  07-Feb-85  13:51  ALL  RD  NO 
SA10.CMD    (DONAHUE:34)        2  19-Jan-83  08:17  ALL  RD  NO 
SA10.CMD    (JHMMUR:55)         2  07-Feb-85  13:51  ALL  RD  NO 
SA10.CMD    (M33:27)            2  01-Apr-82  00:18  ALL  RD  NO 
SA10.CMD    (M33:29)            2  17-Jan-86  14:15  ALL  RD  NO 
SA10.CMD    (M33:33)            2  02-Jul-85  06:23  ALL  RD  NO 
SA10.FIL    (M33:930)           5  20-Jan-86  14:35  ALL  RD  NO 
SA10.LOG    (M33:930)          10  14-Feb-86  13:55  ALL  RD  NO 
SA10.NFO    (MONDOC:930)        2  10-Dec-85  17:40  ALL  RD  NO 
SA10.SAV    (DIAG10C:34)       22  17-Jan-86  22:39  ALL  RD  NO 
SA10.SAV    (DIAG:35)          22  22-Dec-75  10:56  ALL  RD  NO 
SA10.SAV    (M33:29)           22  17-Jan-86  19:12  ALL  RD  NO 
SA10.SAV    (M33:35)           22  22-Dec-75  10:56  ALL  RD  NO 
SA10.SRT    (M33:930)           5  20-Jan-86  14:43  ALL  RD  NO 
SA10D.MAC   (DIAG10:930)       51  14-Feb-86  13:55  ALL  RD  NO 
SA10D.MAC   (DIAG10C:34)       51  17-Jan-86  22:46  ALL  RD  NO 
SA10D.MAC   (M33:29)           51  17-Jan-86  18:48  ALL  RD  NO 
SA10D.SAV   (1213MGR:26)       18  18-Jun-82  09:40  ALL  RD  NO 
SA10D.SAV   (1213MGR:27)       18  18-Jun-82  11:32  ALL RUN  NO 
SA10D.SAV   (1213MGR:28)       18  13-Oct-80  13:17   RD  NO  NO 
SA10D.SAV   (1213MGR:29)       18  18-Jun-82  09:30  ALL  RD  NO 
SA10D.SAV   (1213MGR:30)       18  18-Jun-82  09:28  ALL  RD  NO 
SA10D.SAV   (1213MGR:33)       18  18-Jun-82  09:14  ALL  RD  NO 
SA10D.SAV   (1213MGR:34)       18  18-Jun-82  09:16  ALL  RD  NO 
SA10D.SAV   (1213MGR:35)       18  18-Jun-82  09:18  ALL  RD  NO 
SA10D.SAV   (1213MGR:36)       18  18-Jun-82  09:20  ALL  RD  NO 
SA10D.SAV   (1213MGR:70)       18  18-Jun-82  10:01  ALL  RD  NO 
SA10D.SAV   (1213MGR:72)       18  18-Jun-82  09:06  ALL RUN  NO 
SA10D.SAV   (1213MGR:74)       18  18-Jun-82  10:03  ALL  RD  NO 
SA10D.SAV   (1213MGR:79)       18  18-Jun-82  12:06  ALL  RD  NO 
SA10D.SAV   (DIAG10C:26)       18  28-Oct-85  14:40  ALL  RD  NO 
SA10D.SAV   (DIAG10C:33)       18  13-Apr-79  11:41  ALL  RD  NO 
SA10D.SAV   (DIAG10C:34)       18  17-Jan-86  23:20  ALL  RD  NO 
SA10D.SAV   (DIAG10C:36)       18  13-Apr-79  11:41  ALL  RD  NO 
SA10D.SAV   (DIAG10C:57)       18  13-Apr-79  13:41  ALL RUN  NO 
SA10D.SAV   (DIAG10D:25)       18  03-Mar-82  17:11   RD  NO  NO 
SA10D.SAV   (DIAG10D:56)       18  11-Sep-80  14:25  ALL ALL ALL 
SA10D.SAV   (DIAG10D:65)       18  03-Mar-82  17:11  ALL RUN  NO 
SA10D.SAV   (DIAG10F:30)       18  13-Oct-80  13:17  ALL  RD  RD 
SA10D.SAV   (DIAG10F:38)       18  29-Nov-78  11:08  ALL  RD  NO 
SA10D.SAV   (DIAG10V:22)       18  07-Jul-83  14:35   RD  NO  NO 
SA10D.SAV   (M33:22)           18  07-Jul-83  14:35  ALL  RD  NO 
SA10D.SAV   (M33:25)           18  03-Mar-82  17:11   RD  NO  NO 
SA10D.SAV   (M33:26)           18  18-Jun-82  09:40  ALL  RD  NO 
SA10D.SAV   (M33:27)           18  18-Jun-82  11:32  ALL RUN  NO 
SA10D.SAV   (M33:28)           18  13-Oct-80  13:17   RD  NO  NO 
SA10D.SAV   (M33:29)           18  16-Jan-86  12:11  ALL  RD  NO 
SA10D.SAV   (M33:30)           18  13-Oct-80  13:17  ALL  RD  NO 
SA10D.SAV   (M33:33)           18  13-Apr-79  11:41  ALL  RD  NO 
SA10D.SAV   (M33:35)           18  18-Jun-82  09:18  ALL  RD  NO 
SA10D8.SAV  (DIAG10C:34)       37  17-Jan-86  22:35  ALL  RD  NO 
SA10D8.SAV  (DIAG10D:23)       37  02-Aug-85  04:34  ALL  RD  NO 
SA10D8.SAV  (DIAG10D:25)       37  02-Aug-85  03:56  ALL  RD  NO 
SA10D8.SAV  (DIAG10D:27)       37  02-Aug-85  04:30  ALL  RD  NO 
SA10D8.SAV  (DIAG10D:31)       37  02-Aug-85  04:22  ALL  RD  NO 
SA10D8.SAV  (DIAG10D:37)       37  02-Aug-85  04:26  ALL  RD  NO 
SA10D8.SAV  (DIAG10D:54)       37  02-Aug-85  04:37  ALL  RD  NO 
SA10D8.SAV  (DIAG10D:56)       37  02-Aug-85  04:41  ALL  RD  NO 
SA10D8.SAV  (DIAG10D:65)       37  02-Aug-85  04:51  ALL  RD  NO 
SA10D8.SAV  (DIAG10D:70)       37  02-Aug-85  02:55  ALL  RD  NO 
SA10D8.SAV  (DIAG10D:79)       37  02-Aug-85  05:03  ALL  RD  NO 
SA10D8.SAV  (M33:23)           37  02-Aug-85  04:34  ALL  RD  NO 
SA10D8.SAV  (M33:25)           37  02-Aug-85  03:56  ALL  RD  NO 
SA10D8.SAV  (M33:27)           37  02-Aug-85  04:30  ALL  RD  NO 
SA10D8.SAV  (M33:29)           37  17-Jan-86  21:13  ALL  RD  NO 
SA10D8.SAV  (M33:31)           37  02-Aug-85  04:22  ALL  RD  NO 
SA10D9.SAV  (DIAG10C:34)       36  17-Oct-79  07:12  ALL  RD  NO 
SA10D9.SAV  (DIAG10D:23)       36  07-Apr-80  03:23  ALL  RD  NO 
SA10D9.SAV  (DIAG10D:25)       37  23-Mar-82  12:37  ALL  RD  NO 
SA10D9.SAV  (DIAG10D:27)       36  01-Aug-79  09:57  ALL  RD  NO 
SA10D9.SAV  (DIAG10D:31)       36  28-Mar-85  17:24  ALL  RD  NO 
SA10D9.SAV  (DIAG10D:37)       37  21-Feb-85  12:24  ALL  RD  NO 
SA10D9.SAV  (DIAG10D:54)       36  06-May-85  22:05  ALL  RD  NO 
SA10D9.SAV  (DIAG10D:56)       37  04-May-82  15:03  ALL  RD  NO 
SA10D9.SAV  (DIAG10D:65)       37  23-Mar-82  12:37  ALL RUN  NO 
SA10D9.SAV  (DIAG10D:79)       36  07-Apr-80  03:23  ALL  RD  NO 
SA10D9.SAV  (DIAG10F:30)       36  15-Oct-80  21:23  ALL  RD  RD 
SA10D9.SAV  (DIAG10V:22)       36  07-Sep-83  23:45  ALL  RD  NO 
SA10D9.SAV  (DIAG10V:70)       36  17-Feb-82  00:46  ALL  RD  NO 
SA10D9.SAV  (M33:22)           36  07-Sep-83  23:45  ALL  RD  NO 
SA10D9.SAV  (M33:23)           36  07-Apr-80  03:23  ALL  RD  NO 
SA10D9.SAV  (M33:25)           37  23-Mar-82  12:37  ALL  RD  NO 
SA10D9.SAV  (M33:27)           36  01-Aug-79  09:57  ALL  RD  NO 
SA10D9.SAV  (M33:29)           36  17-Jan-86  21:33  ALL  RD  NO 
SA10D9.SAV  (M33:30)           36  09-Jun-80  01:26   NO  NO  NO 
SA10D9.SAV  (M33:31)           36  28-Mar-85  17:24  ALL  RD  NO 
SA10D9.SAV  (MEYERG:65)        37  15-Jul-82  03:44  ALL  RD  NO 
SA10DA.LST  (DIAG10C:34)      206  17-Jan-86  23:04  ALL  RD  NO 
SA10DA.LST  (DONAHUE:29)      206  09-Apr-79  11:08  ALL  RD  NO 
SA10DA.LST  (M33:29)          206  16-Jan-86  12:14  ALL  RD  NO 
SA10DB.SAV  (DIAG10C:33)       37  13-Apr-79  11:41  ALL  RD  NO 
SA10DB.SAV  (DIAG10C:34)       37  17-Jan-86  23:17  ALL  RD  NO 
SA10DB.SAV  (DIAG10C:36)       37  13-Apr-79  11:41  ALL  RD  NO 
SA10DB.SAV  (DIAG10C:57)       37  13-Apr-79  13:41  ALL RUN  NO 
SA10DB.SAV  (M33:29)           37  16-Jan-86  12:13  ALL  RD  NO 
SA10DB.SAV  (M33:33)           37  13-Apr-79  11:41  ALL  RD  NO 
SA10DD.LST  (DIAG10C:34)       82  17-Jan-86  22:49  ALL  RD  NO 
SA10DD.LST  (DIAG10F:28)       82  23-Mar-81  13:47  ALL  RD  NO 
SA10DD.LST  (DIAG10F:30)       82  23-Mar-81  13:47  ALL  RD  RD 
SA10DD.LST  (DIAG:28)          82  23-Mar-81  13:47  ALL  RD  NO 
SA10DD.LST  (DIAG:58)          82  23-Mar-81  13:47  ALL  RD  NO 
SA10DD.LST  (M33:28)           82  23-Mar-81  13:47  ALL  RD  NO 
SA10DD.LST  (M33:29)           82  17-Jan-86  14:16  ALL  RD  NO 
SA10DD.LST  (M33:30)           82  23-Mar-81  13:47  ALL  RD  NO 
SA10DD.SAV  (DIAG10C:33)       26  13-Apr-79  11:41  ALL  RD  NO 
SA10DD.SAV  (DIAG10C:34)       26  18-Nov-81  21:21  ALL  RD  NO 
SA10DD.SAV  (DIAG10C:36)       26  13-Apr-79  11:41  ALL  RD  NO 
SA10DD.SAV  (DIAG10C:57)       26  13-Apr-79  13:41  ALL RUN  NO 
SA10DD.SAV  (DIAG10D:23)       26  18-Nov-81  22:49  ALL  RD  NO 
SA10DD.SAV  (DIAG10D:25)       26  03-Mar-82  17:11   RD  NO  NO 
SA10DD.SAV  (DIAG10D:27)       26  23-Sep-81  23:39  ALL  RD  NO 
SA10DD.SAV  (DIAG10D:31)       26  28-Mar-85  16:24  ALL  RD  NO 
SA10DD.SAV  (DIAG10D:54)       26  06-May-85  21:51  ALL  RD  NO 
SA10DD.SAV  (DIAG10D:56)       26  08-Sep-82  14:47   RD  NO  NO 
SA10DD.SAV  (DIAG10D:65)       26  26-Aug-83  16:37  ALL  RD  NO 
SA10DD.SAV  (DIAG10D:72)       26  07-Nov-83  14:24  ALL  RD  NO 
SA10DD.SAV  (DIAG10D:79)       26  18-Nov-81  22:49  ALL  RD  NO 
SA10DD.SAV  (DIAG10F:30)       26  31-Mar-82  22:23  ALL  RD  RD 
SA10DD.SAV  (DIAG10F:38)       26  29-Nov-78  11:08  ALL  RD  NO 
SA10DD.SAV  (DIAG10V:22)       26  07-Jul-83  14:35   RD  NO  NO 
SA10DD.SAV  (DIAG10V:70)       26  07-Mar-84  06:49  ALL  RD  NO 
SA10DD.SAV  (M33:22)           26  07-Jul-83  14:35  ALL  RD  NO 
SA10DD.SAV  (M33:23)           26  18-Nov-81  22:49  ALL  RD  NO 
SA10DD.SAV  (M33:25)           26  03-Mar-82  17:11   RD  NO  NO 
SA10DD.SAV  (M33:26)           18  28-Oct-85  14:40  ALL  RD  NO 
SA10DD.SAV  (M33:27)           26  23-Sep-81  23:39  ALL  RD  NO 
SA10DD.SAV  (M33:29)           26  17-Jan-86  21:19  ALL  RD  NO 
SA10DD.SAV  (M33:30)           26  31-Mar-82  22:23  ALL  RD  NO 
SA10DD.SAV  (M33:31)           26  28-Mar-85  16:24  ALL  RD  NO 
SA10V  (M33:33)           26  13-Apr-79  11:41  ALL  RD  NO 
SA10DT.LST  (1213MGR:35)      155  02-Oct-78  16:11  ALL  RD  NO 
SA10DT.LST  (DIAG10C:34)      155  17-Jan-86  23:22  ALL  RD  NO 
SA10DT.LST  (DIAG10C:55)      155  07-Feb-85  12:44  ALL  RD  NO 
SA10DT.LST  (DIAG10C:57)      155  08-Oct-82  04:02  ALL  RD  NO 
SA10DT.LST  (DIAG10D:37)      155  09-Mar-83  09:34  ALL  RD  NO 
SA10DT.LST  (DIAG10D:56)      155  17-Mar-82  17:03  ALL  RD  NO 
SA10DT.LST  (DIAG10D:65)      155  17-Mar-82  16:40  ALL RUN  NO 
SA10DT.LST  (DIAG10D:72)      155  07-Nov-83  12:00  ALL  RD  NO 
SA10DT.LST  (DONAHUE:30)      155  23-Mar-82  12:10  ALL  NO  NO 
SA10DT.LST  (DONAHUE:34)      155  23-Mar-82  10:44  ALL RUN  NO 
SA10DT.LST  (JHMMUR:55)       155  07-Feb-85  12:44  ALL  RD  NO 
SA10DT.LST  (M33:29)          155  16-Jan-86  12:01  ALL  RD  NO 
SA10DT.LST  (M33:30)          155  23-Mar-82  12:10  ALL  NO  NO 
SA10DT.LST  (M33:35)          155  02-Oct-78  16:11  ALL  RD  NO 
SA10DT.LST  (MEYERG:56)       155  17-Mar-82  16:40  ALL  RD  NO 
SA10N.LST   (DIAG10:930)      216  14-Feb-86  14:43  ALL  RD  NO 
SA10N.MAC   (DIAG10:930)       58  14-Feb-86  14:01  ALL  RD  NO 
SA10N.MAC   (DIAG10C:29)       58  22-May-81  13:56  ALL ALL ALL 
SA10N.MAC   (DIAG10C:34)       58  17-Jan-86  22:42  ALL  RD  NO 
SA10N.MAC   (DIAG10F:30)       58  14-Oct-82  17:27  ALL  RD  RD 
SA10N.MAC   (M33:29)           58  17-Jan-86  19:00  ALL  RD  NO 
SA10N.MAC   (M33:30)           58  14-Oct-82  17:27  ALL  RD  NO 
SA10N.SAV   (DIAG10C:33)       36  13-Apr-79  11:41  ALL  RD  NO 
SA10N.SAV   (DIAG10C:34)       36  17-Jan-86  23:00  ALL  RD  NO 
SA10N.SAV   (DIAG10C:55)       36  07-Feb-85  13:24  ALL  RD  NO 
SA10N.SAV   (DIAG10C:57)       36  13-Apr-79  13:41  ALL RUN  NO 
SA10N.SAV   (DIAG10D:25)       36  23-Mar-82  12:38  ALL  RD  NO 
SA10N.SAV   (DIAG10D:56)       36  04-May-82  14:59  ALL  RD  NO 
SA10N.SAV   (DIAG10D:65)       36  23-Mar-82  12:38  ALL RUN  NO 
SA10N.SAV   (JHMMUR:55)        36  07-Feb-85  13:24  ALL  RD  NO 
SA10N.SAV   (M33:25)           36  23-Mar-82  12:38  ALL  RD  NO 
SA10N.SAV   (M33:29)           36  16-Jan-86  12:19  ALL  RD  NO 
SA10N.SAV   (M33:33)           36  13-Apr-79  11:41  ALL  RD  NO 
SA10NW.SAV  (DIAG10:930)       91  14-Feb-86  11:47  ALL  RD  RD 
SA10NW.SAV  (DIAG10C:26)       91  21-Oct-85  05:52  ALL  RD  NO 
SA10NW.SAV  (DIAG10C:34)       91  31-Jan-86  22:31  ALL  RD  NO 
SA10NW.SAV  (M33:26)           91  21-Oct-85  05:52  ALL  RD  NO 
SA10WR      (DIAG10C:34)        2  17-Jan-86  22:42  ALL  RD  NO 
SA10WR      (DIAG10F:30)        2  13-Nov-81  15:05  ALL  RD  RD 
SA10WR      (M33:29)            2  17-Jan-86  19:04  ALL  RD  NO 
SA10WR      (M33:30)            2  13-Nov-81  15:05  ALL  RD  NO 
SA10XX.BAK  (DIAG10D:56)       47  26-Nov-69  16:23  ALL  RD  NO 
SA10XX.LST  (DIAG10C:34)      175  17-Jan-86  22:18  ALL  RD  NO 
SA10XX.LST  (DIAG10D:23)      175  23-Sep-81  00:00  ALL  RD  NO 
SA10XX.LST  (DIAG10D:27)      175  22-Sep-81  23:16  ALL  RD  NO 
SA10XX.LST  (DIAG10D:31)      175  28-Mar-85  16:29  ALL  RD  NO 
SA10XX.LST  (DIAG10D:54)      175  06-May-85  21:54  ALL  RD  NO 
SA10XX.LST  (DIAG10D:56)      175  12-Feb-81  16:33  ALL  RD  NO 
SA10XX.LST  (DIAG10D:79)      175  23-Sep-81  00:00  ALL  RD  NO 
SA10XX.LST  (M33:23)          175  23-Sep-81  00:00  ALL  RD  NO 
SA10XX.LST  (M33:27)          175  22-Sep-81  23:16  ALL  RD  NO 
SA10XX.LST  (M33:29)          175  17-Jan-86  21:22  ALL  RD  NO 
SA10XX.LST  (M33:31)          175  28-Mar-85  16:29  ALL  RD  NO 
SA10XX.MAC  (DIAG10:930)       47  14-Feb-86  13:51  ALL  RD  NO 
SA10XX.MAC  (DIAG10C:29)       47  28-Sep-83  21:01  ALL ALL ALL 
SA10XX.MAC  (DIAG10C:33)       47  28-Sep-77  06:47  ALL  RD  NO 
SA10XX.MAC  (DIAG10C:34)       47  22-Sep-81  20:45  ALL  RD  NO 
SA10XX.MAC  (DIAG10C:36)       47  28-Sep-77  06:47  ALL  RD  NO 
SA10XX.MAC  (DIAG10C:55)       47  07-Feb-85  14:03  ALL  RD  NO 
SA10XX.MAC  (DIAG10D:27)       47  22-Sep-81  23:11  ALL  RD  NO 
SA10XX.MAC  (DIAG10D:56)       47  12-Feb-81  16:35  ALL  RD  NO 
SA10XX.MAC  (JHMMUR:55)        47  07-Feb-85  14:03  ALL  RD  NO 
SA10XX.MAC  (M33:27)           47  22-Sep-81  23:11  ALL  RD  NO 
SA10XX.MAC  (M33:29)           47  16-Jan-86  12:23  ALL  RD  NO 
SA10XX.MAC  (M33:33)           47  28-Sep-77  06:47  ALL  RD  NO 
SA10XX.REL  (DIAG10C:34)       22  17-Jan-86  22:55  ALL  RD  NO 
SA10XX.REL  (M33:27)           22  23-Sep-81  22:50  ALL  RD  NO 
SA10XX.REL  (M33:29)           22  17-Jan-86  14:15  ALL  RD  NO 
SA10XX.SAV  (DIAG10C:34)       26  17-Jan-86  22:33  ALL  RD  NO 
SA10XX.SAV  (DIAG10D:23)       26  18-Nov-81  23:02  ALL  RD  NO 
SA10XX.SAV  (DIAG10D:31)       26  28-Mar-85  16:22  ALL  RD  NO 
SA10XX.SAV  (DIAG10D:54)       26  06-May-85  21:49  ALL  RD  NO 
SA10XX.SAV  (DIAG10D:79)       26  18-Nov-81  23:02  ALL  RD  NO 
SA10XX.SAV  (M33:23)           26  18-Nov-81  23:02  ALL  RD  NO 
SA10XX.SAV  (M33:29)           26  17-Jan-86  21:17  ALL  RD  NO 
SA10XX.SAV  (M33:31)           26  28-Mar-85  16:22  ALL  RD  NO 
SA118.GEO   (CGAIR:28)          2  08-Nov-85  11:17  ALL  RD  NO 
SAMIC.MAC   (DIAG10C:55)        9  07-Feb-85  13:50  ALL  RD  NO 
SAMIC.MAC   (DONAHUE:34)        9  19-Jan-83  08:16  ALL  RD  NO 
SAMIC.MAC   (JHMMUR:55)         9  07-Feb-85  13:50  ALL  RD  NO 
SAMICB.MAC  (DIAG10C:55)        3  07-Feb-85  13:50  ALL  RD  NO 
SAMICB.MAC  (DONAHUE:34)        3  19-Jan-83  08:16  ALL  RD  NO 
SAMICB.MAC  (JHMMUR:55)         3  07-Feb-85  13:50  ALL  RD  NO 
STATIC.BOK  (DONAHUE:56)        4  19-Sep-83  12:22  ALL  RD  NO 
STATIC.BOK  (DONAHUE:72)        4  06-Oct-83  06:58  ALL  NO  NO 
STATIC.CFB  (DMACOMB:55)        4  28-Jan-86  16:04  ALL  RD  NO 
STATIC.LOG  (OSU:930)           2  28-Jan-86  13:04  ALL  RD  NO 
STATIC.LST  (1213MGR:26)       25  05-May-83  09:45  ALL  RD  NO 
STATIC.LST  (1213MGR:27)       25  05-May-83  09:28  ALL  RD  NO 
STATIC.LST  (1213MGR:28)       25  05-May-83  09:22  ALL  RD  NO 
STATIC.LST  (1213MGR:29)       25  05-May-83  09:25  ALL  RD  NO 
STATIC.LST  (1213MGR:30)       25  05-May-83  09:19  ALL  RD  NO 
STATIC.LST  (1213MGR:33)       25  05-May-83  08:59  ALL  RD  NO 
STATIC.LST  (1213MGR:34)       25  05-May-83  09:02  ALL  RD  NO 
STATIC.LST  (1213MGR:35)       25  05-May-83  09:04  ALL  RD  NO 
STATIC.LST  (1213MGR:36)       25  05-May-83  09:08  ALL  RD  NO 
STATIC.LST  (1213MGR:38)       25  05-May-83  09:13  ALL  RD  NO 
STATIC.LST  (1213MGR:54)       25  05-May-83  09:58  ALL  RD  NO 
STATIC.LST  (1213MGR:55)       25  05-May-83  10:21  ALL  RD  NO 
STATIC.LST  (1213MGR:57)       25  05-May-83  10:24  ALL  RD  NO 
STATIC.LST  (1213MGR:65)       25  05-May-83  10:09  ALL  RD  NO 
STATIC.LST  (1213MGR:70)       25  05-May-83  10:12  ALL  RD  NO 
STATIC.LST  (1213MGR:72)       25  05-May-83  08:47  ALL RUN  NO 
STATIC.LST  (1213MGR:74)       25  05-May-83  10:15  ALL  RD  NO 
STATIC.LST  (1213MGR:79)       25  05-May-83  10:18  ALL  RD  NO 
STATIC.LST  (DIAG10D:56)       28  01-Feb-84  19:49  ALL  RD  NO 
STATIC.LST  (DONAHUE:34)       28  19-Jan-83  08:19  ALL  RD  NO 
STATIC.LST  (DONAHUE:70)       28  19-Jan-83  07:12  ALL  RD  NO 
STATIC.LST  (JHMMUR:55)        28  07-Feb-85  12:35  ALL  RD  NO 
STATIC.LST  (M33:29)           28  20-Jan-86  16:33  ALL  RD  NO 
STATIC.LST  (M33:34)           28  20-Jan-86  16:37  ALL  RD  NO 
STATIC.LST  (M33:56)           28  01-Feb-84  19:49  ALL  RD  NO 
STATIC.MAC  (1213MGR:26)       11  05-May-83  09:47  ALL  RD  NO 
STATIC.MAC  (1213MGR:27)       11  05-May-83  09:30  ALL  RD  NO 
STATIC.MAC  (1213MGR:28)       11  05-May-83  09:24  ALL  RD  NO 
STATIC.MAC  (1213MGR:29)       11  05-May-83  09:27  ALL  RD  NO 
STATIC.MAC  (1213MGR:30)       11  05-May-83  09:21  ALL  RD  NO 
STATIC.MAC  (1213MGR:33)       11  05-May-83  09:01  ALL  RD  NO 
STATIC.MAC  (1213MGR:34)       11  05-May-83  09:04  ALL  RD  NO 
STATIC.MAC  (1213MGR:35)       11  05-May-83  09:06  ALL  RD  NO 
STATIC.MAC  (1213MGR:36)       11  05-May-83  09:10  ALL  RD  NO 
STATIC.MAC  (1213MGR:38)       11  05-May-83  09:15  ALL  RD  NO 
STATIC.MAC  (1213MGR:54)       11  05-May-83  10:00  ALL  RD  NO 
STATIC.MAC  (1213MGR:55)       11  05-May-83  10:23  ALL  RD  NO 
STATIC.MAC  (1213MGR:56)       11  05-May-83  10:08  ALL  RD  NO 
STATIC.MAC  (1213MGR:57)       11  05-May-83  10:26  ALL  RD  NO 
STATIC.MAC  (1213MGR:65)       11  05-May-83  10:11  ALL  RD  NO 
STATIC.MAC  (1213MGR:72)       11  05-May-83  08:44  ALL RUN  NO 
STATIC.MAC  (1213MGR:74)       11  05-May-83  10:17  ALL  RD  NO 
STATIC.MAC  (1213MGR:79)       11  05-May-83  10:20  ALL  RD  NO 
STATIC.MAC  (DIAG10D:56)       11  01-Feb-84  19:52  ALL  RD  NO 
STATIC.MAC  (DONAHUE:34)       11  19-Jan-83  08:03  ALL  RD  NO 
STATIC.MAC  (DONAHUE:70)       11  10-Jan-83  12:22  ALL  RD  NO 
STATIC.MAC  (JHMMUR:55)        11  07-Feb-85  12:33  ALL  RD  NO 
STATIC.MAC  (M33:29)           11  20-Jan-86  16:32  ALL  RD  NO 
STATIC.MAC  (M33:34)           11  20-Jan-86  16:35  ALL  RD  NO 
STATIC.MAC  (M33:56)           11  01-Feb-84  19:52  ALL  RD  NO 
STATIC.MAC  (OSU:930)          11  14-Feb-86  13:50  ALL  RD  NO 
STATIC.REL  (1213MGR:27)        5  02-Feb-83  12:21  ALL  RD  NO 
STATIC.REL  (1213MGR:33)        5  10-Jan-83  10:27  ALL  RD  NO 
STATIC.REL  (1213MGR:70)        5  01-Feb-83  12:24  ALL  RD  NO 
STATIC.REL  (1213MGR:72)        5  10-Jan-84  12:30  ALL  RD  NO 
STATIC.REL  (1213MGR:79)        5  02-Feb-83  12:16  ALL  RD  NO 
STATIC.REL  (DIAG10D:31)        5  28-Mar-85  14:01  ALL  RD  NO 
STATIC.REL  (DIAG10D:79)        5  16-May-84  21:32  ALL  RD  NO 
STATIC.REL  (DONAHUE:70)        5  10-Jan-83  12:24  ALL  RD  NO 
STATIC.REL  (DONAHUE:72)        5  16-Jun-83  08:07  ALL  NO  NO 
STATIC.REL  (JHMMUR:55)         5  07-Feb-85  12:42  ALL  RD  NO 
STATIC.REL  (SYS:31)            5  16-May-84  21:32  ALL  RD  NO 
STATIC.REL  (SYS:79)            5  16-May-84  21:32  ALL  RD  NO 
STATIC.SAV  (1213MGR:26)        3  05-May-83  09:47  ALL  RD  NO 
STATIC.SAV  (1213MGR:27)        3  05-May-83  09:30  ALL  RD  NO 
STATIC.SAV  (1213MGR:28)        3  05-May-83  09:24  ALL  RD  NO 
STATIC.SAV  (1213MGR:29)        3  05-May-83  09:26  ALL  RD  NO 
STATIC.SAV  (1213MGR:30)        3  05-May-83  09:21  ALL  RD  NO 
STATIC.SAV  (1213MGR:33)        3  05-May-83  09:01  ALL  RD  NO 
STATIC.SAV  (1213MGR:34)        3  05-May-83  09:04  ALL  RD  NO 
STATIC.SAV  (1213MGR:35)        3  05-May-83  09:06  ALL  RD  NO 
STATIC.SAV  (1213MGR:36)        3  05-May-83  09:10  ALL  RD  NO 
STATIC.SAV  (1213MGR:38)        3  05-May-83  09:15  ALL  RD  NO 
STATIC.SAV  (1213MGR:54)        3  05-May-83  10:00  ALL  RD  NO 
STATIC.SAV  (1213MGR:55)        3  05-May-83  10:23  ALL  RD  NO 
STATIC.SAV  (1213MGR:56)        3  05-May-83  10:08  ALL  RD  NO 
STATIC.SAV  (1213MGR:57)        3  05-May-83  10:25  ALL  RD  NO 
STATIC.SAV  (1213MGR:65)        3  05-May-83  10:11  ALL  RD  NO 
STATIC.SAV  (1213MGR:70)        3  05-May-83  10:14  ALL  RD  NO 
STATIC.SAV  (1213MGR:72)        3  10-Jan-84  12:30  ALL RUN  NO 
STATIC.SAV  (1213MGR:74)        3  05-May-83  10:17  ALL  RD  NO 
STATIC.SAV  (1213MGR:79)        3  05-May-83  10:19  ALL  RD  NO 
STATIC.SAV  (DIAG10D:27)        3  12-Feb-86  13:01  ALL  RD  NO 
STATIC.SAV  (DIAG10D:31)        3  12-Feb-86  13:15  ALL  RD  NO 
STATIC.SAV  (DIAG10D:56)        3  01-Feb-84  19:51  ALL  RD  NO 
STATIC.SAV  (DIAG10D:79)        3  16-May-84  21:06  ALL  RD  NO 
STATIC.SAV  (DONAHUE:34)        3  19-Jan-83  08:20  ALL  RD  NO 
STATIC.SAV  (DONAHUE:70)        3  10-Jan-83  12:25  ALL  RD  NO 
STATIC.SAV  (DONAHUE:72)        3  16-Jun-83  08:08  ALL  NO  NO 
STATIC.SAV  (JHMMUR:55)         3  07-Feb-85  12:42  ALL  RD  NO 
STATIC.SAV  (M33:29)            3  20-Jan-86  16:33  ALL  RD  NO 
STATIC.SAV  (M33:34)            3  20-Jan-86  16:36  ALL  RD  NO 
STATIC.SAV  (M33:56)            3  01-Feb-84  19:51  ALL  RD  NO 
STATIC.SAV  (SYS:31)            3  16-May-84  21:06  ALL  RD  NO 
STATIC.SAV  (SYS:79)            3  16-May-84  21:06  ALL  RD  NO 
detach?   
detach?   
mail waiting   
  u}6Tu