
: 
: 
: 
: 
COPY STARTING

(MONDOC:32)MONDOC.DIR COPIED TO (MONDOC:14)MONDOC.DIR

37229 (27688) CHARS. TRANSMITTED

: 
COPY STARTING

(MONDOC:32)MONDOC.DIR COPIED TO (MONDOC:17)MONDOC.DIR

37229 (27688) CHARS. TRANSMITTED

: 
CIRCUIT ZAPPED - ABORTING,  SYSTEM 23

: 
CIRCUIT ZAPPED - ABORTING,  SYSTEM 26

: 
COPY STARTING

(MONDOC:32)MONDOC.DIR COPIED TO (MONDOC:30)MONDOC.DIR

37229 (27688) CHARS. TRANSMITTED

: 
COPY STARTING

(MONDOC:32)MONDOC.DIR COPIED TO (MONDOC:33)MONDOC.DIR

37229 (27688) CHARS. TRANSMITTED

: 
SYSTEM UNAVAILABLE
: 
CIRCUIT ZAPPED - ABORTING,  SYSTEM 58

: 
COPY STARTING

(MONDOC:32)MONDOC.DIR COPIED TO (MONDOC:74)MONDOC.DIR

37229 (27688) CHARS. TRANSMITTED

: 
CIRCUIT ZAPPED - ABORTING,  SYSTEM 25

: 
CIRCUIT ZAPPED - ABORTING,  SYSTEM 31

: 
CIRCUIT ZAPPED - ABORTING,  SYSTEM 34

: 
CIRCUIT ZAPPED - ABORTING,  SYSTEM 37

: 
CIRCUIT ZAPPED - ABORTING,  SYSTEM 54

: 
CIRCUIT ZAPPED - ABORTING,  SYSTEM 56

: 